<?xml version="1.0" encoding="UTF-8"?>
<!-- Generated by org.testng.reporters.JUnitReportReporter -->
<testsuite hostname="LAPTOP-0Q5LAQHR" failures="0" tests="1" name="tests.homeTest" time="10.130" errors="0" timestamp="2025-07-07T22:58:03 CEST" skipped="0">
  <testcase classname="tests.homeTest" name="homeTestpage" time="10.130"/>
</testsuite> <!-- tests.homeTest -->
