<?xml version="1.0" encoding="UTF-8"?>
<!-- Generated by org.testng.reporters.JUnitReportReporter -->
<testsuite hostname="LAPTOP-0Q5LAQHR" failures="0" tests="1" name="com.qa.tests.homeTest" time="7.811" errors="0" timestamp="2025-07-09T15:04:21 CEST" skipped="0">
  <testcase classname="com.qa.tests.homeTest" name="homeTestpage" time="7.811"/>
</testsuite> <!-- com.qa.tests.homeTest -->
